D:\CFJ\DOCUMENT\學生成績\104(上)\SC\PROGRAM\MLP\TE_MLP\TE_MLP\TE_MLP\DEBUG\TE_MLP.PCH
D:\CFJ\DOCUMENT\學生成績\104(上)\SC\PROGRAM\MLP\TE_MLP\TE_MLP\TE_MLP\DEBUG\STDAFX.OBJ
D:\CFJ\DOCUMENT\學生成績\104(上)\SC\PROGRAM\MLP\TE_MLP\TE_MLP\TE_MLP\DEBUG\VC110.PDB
D:\CFJ\DOCUMENT\學生成績\104(上)\SC\PROGRAM\MLP\TE_MLP\TE_MLP\TE_MLP\DEBUG\TE_MLP.OBJ
D:\CFJ\DOCUMENT\學生成績\104(上)\SC\PROGRAM\MLP\TE_MLP\TE_MLP\DEBUG\TE_MLP.ILK
D:\CFJ\DOCUMENT\學生成績\104(上)\SC\PROGRAM\MLP\TE_MLP\TE_MLP\DEBUG\TE_MLP.EXE
D:\CFJ\DOCUMENT\學生成績\104(上)\SC\PROGRAM\MLP\TE_MLP\TE_MLP\DEBUG\TE_MLP.PDB
D:\cfj\document\學生成績\104(上)\SC\program\MLP\Te_MLP\Te_MLP\Te_MLP\Debug\stdafx.obj
D:\cfj\document\學生成績\104(上)\SC\program\MLP\Te_MLP\Te_MLP\Te_MLP\Debug\Te_MLP.obj
D:\cfj\document\學生成績\104(上)\SC\program\MLP\Te_MLP\Te_MLP\Te_MLP\Debug\cl.command.1.tlog
D:\cfj\document\學生成績\104(上)\SC\program\MLP\Te_MLP\Te_MLP\Te_MLP\Debug\CL.read.1.tlog
D:\cfj\document\學生成績\104(上)\SC\program\MLP\Te_MLP\Te_MLP\Te_MLP\Debug\CL.write.1.tlog
D:\cfj\document\學生成績\104(上)\SC\program\MLP\Te_MLP\Te_MLP\Te_MLP\Debug\link-cvtres.read.1.tlog
D:\cfj\document\學生成績\104(上)\SC\program\MLP\Te_MLP\Te_MLP\Te_MLP\Debug\link-cvtres.write.1.tlog
D:\cfj\document\學生成績\104(上)\SC\program\MLP\Te_MLP\Te_MLP\Te_MLP\Debug\link-rc.read.1.tlog
D:\cfj\document\學生成績\104(上)\SC\program\MLP\Te_MLP\Te_MLP\Te_MLP\Debug\link-rc.write.1.tlog
D:\cfj\document\學生成績\104(上)\SC\program\MLP\Te_MLP\Te_MLP\Te_MLP\Debug\link.command.1.tlog
D:\cfj\document\學生成績\104(上)\SC\program\MLP\Te_MLP\Te_MLP\Te_MLP\Debug\link.read.1.tlog
D:\cfj\document\學生成績\104(上)\SC\program\MLP\Te_MLP\Te_MLP\Te_MLP\Debug\link.write.1.tlog
D:\cfj\document\學生成績\104(上)\SC\program\MLP\Te_MLP\Te_MLP\Te_MLP\Debug\Te_MLP.pch
D:\cfj\document\學生成績\104(上)\SC\program\MLP\Te_MLP\Te_MLP\Te_MLP\Debug\vc110.idb
D:\cfj\document\學生成績\104(上)\SC\program\MLP\Te_MLP\Te_MLP\Te_MLP\Debug\vc110.pdb
D:\cfj\document\學生成績\104(上)\SC\program\MLP\Te_MLP\Te_MLP\Debug\Te_MLP.pdb
D:\cfj\document\學生成績\104(上)\SC\program\MLP\Te_MLP\Te_MLP\Debug\Te_MLP.exe
D:\cfj\document\學生成績\104(上)\SC\program\MLP\Te_MLP\Te_MLP\Debug\Te_MLP.ilk
